doe869@tux5:~> bc
bc 1.07.1
Copyright 1991-1994, 1997, 1998, 2000, 2004, 2006, 2008, 2012-2017 Free Software Foundation, Inc.
This is free software with ABSOLUTELY NO WARRANTY.
For details type `warranty'. 
((10*9) * 7) + (20 - 10/2) 
645
50/5 * 9 + 10 - 3 * 4
88
9 + 19 - 5 * 10 -3
-25
17 - 14 * 8 / 5 + 11 * 2
17
40/6 * 7 + 9 - 15 + 4
40
quit
doe869@tux5:~> echo "((10*9) * 7) + (20 - 10/2)" > asn6q2.in
doe869@tux5:~> echo "50/5 * 9 + 10 - 3 * 4" >> asn6q2.in
doe869@tux5:~> echo "9 + 19 - 5 * 10 -3" >> asn6q2.in
doe869@tux5:~> echo "17 - 14 * 8 / 5 + 11 * 2" >> asn6q2.in
doe869@tux5:~> echo "40/6 * 7 + 9 - 15 + 4" >> asn6q2.in
doe869@tux5:~> bc < asn6q2.in
645
88
-25
17
40
doe869@tux5:~> bc < asn6q2.in > asn6q2.out
doe869@tux5:~> 
